<?xml version="1.0" encoding="UTF-8"?>
<testsuite xmlns:xsi="http://www.w3.org/2001/XMLSchema-instance" xsi:noNamespaceSchemaLocation="https://maven.apache.org/surefire/maven-surefire-plugin/xsd/surefire-test-report.xsd" name="br.licitacoesecontratos.LicitacoesecontratosApplicationTests" time="4.551" tests="1" errors="0" skipped="0" failures="0">
  <properties>
    <property name="sun.desktop" value="gnome"/>
    <property name="awt.toolkit" value="sun.awt.X11.XToolkit"/>
    <property name="java.specification.version" value="11"/>
    <property name="sun.cpu.isalist" value=""/>
    <property name="sun.jnu.encoding" value="UTF-8"/>
    <property name="java.class.path" value="/opt/ws_spring/licitacoesecontratosBackend-main/licitacoesecontratosBackend/target/test-classes:/opt/ws_spring/licitacoesecontratosBackend-main/licitacoesecontratosBackend/target/classes:/home/matias/.m2/repository/org/springframework/boot/spring-boot-starter-data-mongodb/2.4.5/spring-boot-starter-data-mongodb-2.4.5.jar:/home/matias/.m2/repository/org/springframework/boot/spring-boot-starter/2.4.5/spring-boot-starter-2.4.5.jar:/home/matias/.m2/repository/org/springframework/boot/spring-boot-starter-logging/2.4.5/spring-boot-starter-logging-2.4.5.jar:/home/matias/.m2/repository/ch/qos/logback/logback-classic/1.2.3/logback-classic-1.2.3.jar:/home/matias/.m2/repository/ch/qos/logback/logback-core/1.2.3/logback-core-1.2.3.jar:/home/matias/.m2/repository/org/apache/logging/log4j/log4j-to-slf4j/2.13.3/log4j-to-slf4j-2.13.3.jar:/home/matias/.m2/repository/org/apache/logging/log4j/log4j-api/2.13.3/log4j-api-2.13.3.jar:/home/matias/.m2/repository/org/slf4j/jul-to-slf4j/1.7.30/jul-to-slf4j-1.7.30.jar:/home/matias/.m2/repository/org/yaml/snakeyaml/1.27/snakeyaml-1.27.jar:/home/matias/.m2/repository/org/mongodb/mongodb-driver-sync/4.1.2/mongodb-driver-sync-4.1.2.jar:/home/matias/.m2/repository/org/mongodb/bson/4.1.2/bson-4.1.2.jar:/home/matias/.m2/repository/org/mongodb/mongodb-driver-core/4.1.2/mongodb-driver-core-4.1.2.jar:/home/matias/.m2/repository/org/springframework/data/spring-data-mongodb/3.1.8/spring-data-mongodb-3.1.8.jar:/home/matias/.m2/repository/org/springframework/spring-tx/5.3.6/spring-tx-5.3.6.jar:/home/matias/.m2/repository/org/springframework/spring-context/5.3.6/spring-context-5.3.6.jar:/home/matias/.m2/repository/org/springframework/spring-beans/5.3.6/spring-beans-5.3.6.jar:/home/matias/.m2/repository/org/springframework/spring-expression/5.3.6/spring-expression-5.3.6.jar:/home/matias/.m2/repository/org/springframework/data/spring-data-commons/2.4.8/spring-data-commons-2.4.8.jar:/home/matias/.m2/repository/org/slf4j/slf4j-api/1.7.30/slf4j-api-1.7.30.jar:/home/matias/.m2/repository/org/springframework/boot/spring-boot-starter-data-mongodb-reactive/2.4.5/spring-boot-starter-data-mongodb-reactive-2.4.5.jar:/home/matias/.m2/repository/io/projectreactor/reactor-core/3.4.5/reactor-core-3.4.5.jar:/home/matias/.m2/repository/org/reactivestreams/reactive-streams/1.0.3/reactive-streams-1.0.3.jar:/home/matias/.m2/repository/org/mongodb/mongodb-driver-reactivestreams/4.1.2/mongodb-driver-reactivestreams-4.1.2.jar:/home/matias/.m2/repository/org/springframework/boot/spring-boot-starter-web/2.4.5/spring-boot-starter-web-2.4.5.jar:/home/matias/.m2/repository/org/springframework/boot/spring-boot-starter-json/2.4.5/spring-boot-starter-json-2.4.5.jar:/home/matias/.m2/repository/com/fasterxml/jackson/core/jackson-databind/2.11.4/jackson-databind-2.11.4.jar:/home/matias/.m2/repository/com/fasterxml/jackson/core/jackson-annotations/2.11.4/jackson-annotations-2.11.4.jar:/home/matias/.m2/repository/com/fasterxml/jackson/core/jackson-core/2.11.4/jackson-core-2.11.4.jar:/home/matias/.m2/repository/com/fasterxml/jackson/datatype/jackson-datatype-jdk8/2.11.4/jackson-datatype-jdk8-2.11.4.jar:/home/matias/.m2/repository/com/fasterxml/jackson/datatype/jackson-datatype-jsr310/2.11.4/jackson-datatype-jsr310-2.11.4.jar:/home/matias/.m2/repository/com/fasterxml/jackson/module/jackson-module-parameter-names/2.11.4/jackson-module-parameter-names-2.11.4.jar:/home/matias/.m2/repository/org/springframework/spring-web/5.3.6/spring-web-5.3.6.jar:/home/matias/.m2/repository/org/springframework/spring-webmvc/5.3.6/spring-webmvc-5.3.6.jar:/home/matias/.m2/repository/org/springframework/spring-aop/5.3.6/spring-aop-5.3.6.jar:/home/matias/.m2/repository/org/springframework/boot/spring-boot-starter-webflux/2.4.5/spring-boot-starter-webflux-2.4.5.jar:/home/matias/.m2/repository/org/springframework/boot/spring-boot-starter-reactor-netty/2.4.5/spring-boot-starter-reactor-netty-2.4.5.jar:/home/matias/.m2/repository/io/projectreactor/netty/reactor-netty-http/1.0.6/reactor-netty-http-1.0.6.jar:/home/matias/.m2/repository/io/netty/netty-codec-http/4.1.63.Final/netty-codec-http-4.1.63.Final.jar:/home/matias/.m2/repository/io/netty/netty-common/4.1.63.Final/netty-common-4.1.63.Final.jar:/home/matias/.m2/repository/io/netty/netty-buffer/4.1.63.Final/netty-buffer-4.1.63.Final.jar:/home/matias/.m2/repository/io/netty/netty-transport/4.1.63.Final/netty-transport-4.1.63.Final.jar:/home/matias/.m2/repository/io/netty/netty-codec/4.1.63.Final/netty-codec-4.1.63.Final.jar:/home/matias/.m2/repository/io/netty/netty-handler/4.1.63.Final/netty-handler-4.1.63.Final.jar:/home/matias/.m2/repository/io/netty/netty-codec-http2/4.1.63.Final/netty-codec-http2-4.1.63.Final.jar:/home/matias/.m2/repository/io/netty/netty-resolver-dns/4.1.63.Final/netty-resolver-dns-4.1.63.Final.jar:/home/matias/.m2/repository/io/netty/netty-resolver/4.1.63.Final/netty-resolver-4.1.63.Final.jar:/home/matias/.m2/repository/io/netty/netty-codec-dns/4.1.63.Final/netty-codec-dns-4.1.63.Final.jar:/home/matias/.m2/repository/io/netty/netty-resolver-dns-native-macos/4.1.63.Final/netty-resolver-dns-native-macos-4.1.63.Final-osx-x86_64.jar:/home/matias/.m2/repository/io/netty/netty-transport-native-unix-common/4.1.63.Final/netty-transport-native-unix-common-4.1.63.Final.jar:/home/matias/.m2/repository/io/netty/netty-transport-native-epoll/4.1.63.Final/netty-transport-native-epoll-4.1.63.Final-linux-x86_64.jar:/home/matias/.m2/repository/io/projectreactor/netty/reactor-netty-core/1.0.6/reactor-netty-core-1.0.6.jar:/home/matias/.m2/repository/io/netty/netty-handler-proxy/4.1.63.Final/netty-handler-proxy-4.1.63.Final.jar:/home/matias/.m2/repository/io/netty/netty-codec-socks/4.1.63.Final/netty-codec-socks-4.1.63.Final.jar:/home/matias/.m2/repository/org/springframework/spring-webflux/5.3.6/spring-webflux-5.3.6.jar:/home/matias/.m2/repository/org/springframework/boot/spring-boot-devtools/2.4.5/spring-boot-devtools-2.4.5.jar:/home/matias/.m2/repository/org/springframework/boot/spring-boot/2.4.5/spring-boot-2.4.5.jar:/home/matias/.m2/repository/org/springframework/boot/spring-boot-autoconfigure/2.4.5/spring-boot-autoconfigure-2.4.5.jar:/home/matias/.m2/repository/org/springframework/boot/spring-boot-starter-test/2.4.5/spring-boot-starter-test-2.4.5.jar:/home/matias/.m2/repository/org/springframework/boot/spring-boot-test/2.4.5/spring-boot-test-2.4.5.jar:/home/matias/.m2/repository/org/springframework/boot/spring-boot-test-autoconfigure/2.4.5/spring-boot-test-autoconfigure-2.4.5.jar:/home/matias/.m2/repository/com/jayway/jsonpath/json-path/2.4.0/json-path-2.4.0.jar:/home/matias/.m2/repository/net/minidev/json-smart/2.3/json-smart-2.3.jar:/home/matias/.m2/repository/net/minidev/accessors-smart/1.2/accessors-smart-1.2.jar:/home/matias/.m2/repository/org/ow2/asm/asm/5.0.4/asm-5.0.4.jar:/home/matias/.m2/repository/jakarta/xml/bind/jakarta.xml.bind-api/2.3.3/jakarta.xml.bind-api-2.3.3.jar:/home/matias/.m2/repository/jakarta/activation/jakarta.activation-api/1.2.2/jakarta.activation-api-1.2.2.jar:/home/matias/.m2/repository/org/assertj/assertj-core/3.18.1/assertj-core-3.18.1.jar:/home/matias/.m2/repository/org/hamcrest/hamcrest/2.2/hamcrest-2.2.jar:/home/matias/.m2/repository/org/junit/jupiter/junit-jupiter/5.7.1/junit-jupiter-5.7.1.jar:/home/matias/.m2/repository/org/junit/jupiter/junit-jupiter-api/5.7.1/junit-jupiter-api-5.7.1.jar:/home/matias/.m2/repository/org/apiguardian/apiguardian-api/1.1.0/apiguardian-api-1.1.0.jar:/home/matias/.m2/repository/org/opentest4j/opentest4j/1.2.0/opentest4j-1.2.0.jar:/home/matias/.m2/repository/org/junit/platform/junit-platform-commons/1.7.1/junit-platform-commons-1.7.1.jar:/home/matias/.m2/repository/org/junit/jupiter/junit-jupiter-params/5.7.1/junit-jupiter-params-5.7.1.jar:/home/matias/.m2/repository/org/junit/jupiter/junit-jupiter-engine/5.7.1/junit-jupiter-engine-5.7.1.jar:/home/matias/.m2/repository/org/junit/platform/junit-platform-engine/1.7.1/junit-platform-engine-1.7.1.jar:/home/matias/.m2/repository/org/mockito/mockito-core/3.6.28/mockito-core-3.6.28.jar:/home/matias/.m2/repository/net/bytebuddy/byte-buddy/1.10.22/byte-buddy-1.10.22.jar:/home/matias/.m2/repository/net/bytebuddy/byte-buddy-agent/1.10.22/byte-buddy-agent-1.10.22.jar:/home/matias/.m2/repository/org/objenesis/objenesis/3.1/objenesis-3.1.jar:/home/matias/.m2/repository/org/mockito/mockito-junit-jupiter/3.6.28/mockito-junit-jupiter-3.6.28.jar:/home/matias/.m2/repository/org/skyscreamer/jsonassert/1.5.0/jsonassert-1.5.0.jar:/home/matias/.m2/repository/com/vaadin/external/google/android-json/0.0.20131108.vaadin1/android-json-0.0.20131108.vaadin1.jar:/home/matias/.m2/repository/org/springframework/spring-core/5.3.6/spring-core-5.3.6.jar:/home/matias/.m2/repository/org/springframework/spring-jcl/5.3.6/spring-jcl-5.3.6.jar:/home/matias/.m2/repository/org/springframework/spring-test/5.3.6/spring-test-5.3.6.jar:/home/matias/.m2/repository/org/xmlunit/xmlunit-core/2.7.0/xmlunit-core-2.7.0.jar:/home/matias/.m2/repository/io/projectreactor/reactor-test/3.4.5/reactor-test-3.4.5.jar:/home/matias/.m2/repository/org/springframework/boot/spring-boot-starter-tomcat/2.4.5/spring-boot-starter-tomcat-2.4.5.jar:/home/matias/.m2/repository/jakarta/annotation/jakarta.annotation-api/1.3.5/jakarta.annotation-api-1.3.5.jar:/home/matias/.m2/repository/org/apache/tomcat/embed/tomcat-embed-core/9.0.45/tomcat-embed-core-9.0.45.jar:/home/matias/.m2/repository/org/glassfish/jakarta.el/3.0.3/jakarta.el-3.0.3.jar:/home/matias/.m2/repository/org/apache/tomcat/embed/tomcat-embed-websocket/9.0.45/tomcat-embed-websocket-9.0.45.jar:/home/matias/.m2/repository/com/github/ulisesbocchio/jasypt-spring-boot-starter/3.0.3/jasypt-spring-boot-starter-3.0.3.jar:/home/matias/.m2/repository/com/github/ulisesbocchio/jasypt-spring-boot/3.0.3/jasypt-spring-boot-3.0.3.jar:/home/matias/.m2/repository/org/jasypt/jasypt/1.9.3/jasypt-1.9.3.jar:/home/matias/.m2/repository/org/springframework/boot/spring-boot-configuration-processor/2.4.5/spring-boot-configuration-processor-2.4.5.jar:"/>
    <property name="java.vm.vendor" value="Oracle Corporation"/>
    <property name="sun.arch.data.model" value="64"/>
    <property name="java.vendor.url" value="https://openjdk.java.net/"/>
    <property name="user.timezone" value=""/>
    <property name="java.vm.specification.version" value="11"/>
    <property name="os.name" value="Linux"/>
    <property name="sun.java.launcher" value="SUN_STANDARD"/>
    <property name="user.country" value="BR"/>
    <property name="sun.boot.library.path" value="/usr/lib/jvm/jdk-11.0.9/lib"/>
    <property name="sun.java.command" value="/opt/ws_spring/licitacoesecontratosBackend-main/licitacoesecontratosBackend/target/surefire/surefirebooter16106834088650249823.jar /opt/ws_spring/licitacoesecontratosBackend-main/licitacoesecontratosBackend/target/surefire 2021-05-02T14-29-59_549-jvmRun1 surefire2828941536491381239tmp surefire_02420235243898475349tmp"/>
    <property name="jdk.debug" value="release"/>
    <property name="surefire.test.class.path" value="/opt/ws_spring/licitacoesecontratosBackend-main/licitacoesecontratosBackend/target/test-classes:/opt/ws_spring/licitacoesecontratosBackend-main/licitacoesecontratosBackend/target/classes:/home/matias/.m2/repository/org/springframework/boot/spring-boot-starter-data-mongodb/2.4.5/spring-boot-starter-data-mongodb-2.4.5.jar:/home/matias/.m2/repository/org/springframework/boot/spring-boot-starter/2.4.5/spring-boot-starter-2.4.5.jar:/home/matias/.m2/repository/org/springframework/boot/spring-boot-starter-logging/2.4.5/spring-boot-starter-logging-2.4.5.jar:/home/matias/.m2/repository/ch/qos/logback/logback-classic/1.2.3/logback-classic-1.2.3.jar:/home/matias/.m2/repository/ch/qos/logback/logback-core/1.2.3/logback-core-1.2.3.jar:/home/matias/.m2/repository/org/apache/logging/log4j/log4j-to-slf4j/2.13.3/log4j-to-slf4j-2.13.3.jar:/home/matias/.m2/repository/org/apache/logging/log4j/log4j-api/2.13.3/log4j-api-2.13.3.jar:/home/matias/.m2/repository/org/slf4j/jul-to-slf4j/1.7.30/jul-to-slf4j-1.7.30.jar:/home/matias/.m2/repository/org/yaml/snakeyaml/1.27/snakeyaml-1.27.jar:/home/matias/.m2/repository/org/mongodb/mongodb-driver-sync/4.1.2/mongodb-driver-sync-4.1.2.jar:/home/matias/.m2/repository/org/mongodb/bson/4.1.2/bson-4.1.2.jar:/home/matias/.m2/repository/org/mongodb/mongodb-driver-core/4.1.2/mongodb-driver-core-4.1.2.jar:/home/matias/.m2/repository/org/springframework/data/spring-data-mongodb/3.1.8/spring-data-mongodb-3.1.8.jar:/home/matias/.m2/repository/org/springframework/spring-tx/5.3.6/spring-tx-5.3.6.jar:/home/matias/.m2/repository/org/springframework/spring-context/5.3.6/spring-context-5.3.6.jar:/home/matias/.m2/repository/org/springframework/spring-beans/5.3.6/spring-beans-5.3.6.jar:/home/matias/.m2/repository/org/springframework/spring-expression/5.3.6/spring-expression-5.3.6.jar:/home/matias/.m2/repository/org/springframework/data/spring-data-commons/2.4.8/spring-data-commons-2.4.8.jar:/home/matias/.m2/repository/org/slf4j/slf4j-api/1.7.30/slf4j-api-1.7.30.jar:/home/matias/.m2/repository/org/springframework/boot/spring-boot-starter-data-mongodb-reactive/2.4.5/spring-boot-starter-data-mongodb-reactive-2.4.5.jar:/home/matias/.m2/repository/io/projectreactor/reactor-core/3.4.5/reactor-core-3.4.5.jar:/home/matias/.m2/repository/org/reactivestreams/reactive-streams/1.0.3/reactive-streams-1.0.3.jar:/home/matias/.m2/repository/org/mongodb/mongodb-driver-reactivestreams/4.1.2/mongodb-driver-reactivestreams-4.1.2.jar:/home/matias/.m2/repository/org/springframework/boot/spring-boot-starter-web/2.4.5/spring-boot-starter-web-2.4.5.jar:/home/matias/.m2/repository/org/springframework/boot/spring-boot-starter-json/2.4.5/spring-boot-starter-json-2.4.5.jar:/home/matias/.m2/repository/com/fasterxml/jackson/core/jackson-databind/2.11.4/jackson-databind-2.11.4.jar:/home/matias/.m2/repository/com/fasterxml/jackson/core/jackson-annotations/2.11.4/jackson-annotations-2.11.4.jar:/home/matias/.m2/repository/com/fasterxml/jackson/core/jackson-core/2.11.4/jackson-core-2.11.4.jar:/home/matias/.m2/repository/com/fasterxml/jackson/datatype/jackson-datatype-jdk8/2.11.4/jackson-datatype-jdk8-2.11.4.jar:/home/matias/.m2/repository/com/fasterxml/jackson/datatype/jackson-datatype-jsr310/2.11.4/jackson-datatype-jsr310-2.11.4.jar:/home/matias/.m2/repository/com/fasterxml/jackson/module/jackson-module-parameter-names/2.11.4/jackson-module-parameter-names-2.11.4.jar:/home/matias/.m2/repository/org/springframework/spring-web/5.3.6/spring-web-5.3.6.jar:/home/matias/.m2/repository/org/springframework/spring-webmvc/5.3.6/spring-webmvc-5.3.6.jar:/home/matias/.m2/repository/org/springframework/spring-aop/5.3.6/spring-aop-5.3.6.jar:/home/matias/.m2/repository/org/springframework/boot/spring-boot-starter-webflux/2.4.5/spring-boot-starter-webflux-2.4.5.jar:/home/matias/.m2/repository/org/springframework/boot/spring-boot-starter-reactor-netty/2.4.5/spring-boot-starter-reactor-netty-2.4.5.jar:/home/matias/.m2/repository/io/projectreactor/netty/reactor-netty-http/1.0.6/reactor-netty-http-1.0.6.jar:/home/matias/.m2/repository/io/netty/netty-codec-http/4.1.63.Final/netty-codec-http-4.1.63.Final.jar:/home/matias/.m2/repository/io/netty/netty-common/4.1.63.Final/netty-common-4.1.63.Final.jar:/home/matias/.m2/repository/io/netty/netty-buffer/4.1.63.Final/netty-buffer-4.1.63.Final.jar:/home/matias/.m2/repository/io/netty/netty-transport/4.1.63.Final/netty-transport-4.1.63.Final.jar:/home/matias/.m2/repository/io/netty/netty-codec/4.1.63.Final/netty-codec-4.1.63.Final.jar:/home/matias/.m2/repository/io/netty/netty-handler/4.1.63.Final/netty-handler-4.1.63.Final.jar:/home/matias/.m2/repository/io/netty/netty-codec-http2/4.1.63.Final/netty-codec-http2-4.1.63.Final.jar:/home/matias/.m2/repository/io/netty/netty-resolver-dns/4.1.63.Final/netty-resolver-dns-4.1.63.Final.jar:/home/matias/.m2/repository/io/netty/netty-resolver/4.1.63.Final/netty-resolver-4.1.63.Final.jar:/home/matias/.m2/repository/io/netty/netty-codec-dns/4.1.63.Final/netty-codec-dns-4.1.63.Final.jar:/home/matias/.m2/repository/io/netty/netty-resolver-dns-native-macos/4.1.63.Final/netty-resolver-dns-native-macos-4.1.63.Final-osx-x86_64.jar:/home/matias/.m2/repository/io/netty/netty-transport-native-unix-common/4.1.63.Final/netty-transport-native-unix-common-4.1.63.Final.jar:/home/matias/.m2/repository/io/netty/netty-transport-native-epoll/4.1.63.Final/netty-transport-native-epoll-4.1.63.Final-linux-x86_64.jar:/home/matias/.m2/repository/io/projectreactor/netty/reactor-netty-core/1.0.6/reactor-netty-core-1.0.6.jar:/home/matias/.m2/repository/io/netty/netty-handler-proxy/4.1.63.Final/netty-handler-proxy-4.1.63.Final.jar:/home/matias/.m2/repository/io/netty/netty-codec-socks/4.1.63.Final/netty-codec-socks-4.1.63.Final.jar:/home/matias/.m2/repository/org/springframework/spring-webflux/5.3.6/spring-webflux-5.3.6.jar:/home/matias/.m2/repository/org/springframework/boot/spring-boot-devtools/2.4.5/spring-boot-devtools-2.4.5.jar:/home/matias/.m2/repository/org/springframework/boot/spring-boot/2.4.5/spring-boot-2.4.5.jar:/home/matias/.m2/repository/org/springframework/boot/spring-boot-autoconfigure/2.4.5/spring-boot-autoconfigure-2.4.5.jar:/home/matias/.m2/repository/org/springframework/boot/spring-boot-starter-test/2.4.5/spring-boot-starter-test-2.4.5.jar:/home/matias/.m2/repository/org/springframework/boot/spring-boot-test/2.4.5/spring-boot-test-2.4.5.jar:/home/matias/.m2/repository/org/springframework/boot/spring-boot-test-autoconfigure/2.4.5/spring-boot-test-autoconfigure-2.4.5.jar:/home/matias/.m2/repository/com/jayway/jsonpath/json-path/2.4.0/json-path-2.4.0.jar:/home/matias/.m2/repository/net/minidev/json-smart/2.3/json-smart-2.3.jar:/home/matias/.m2/repository/net/minidev/accessors-smart/1.2/accessors-smart-1.2.jar:/home/matias/.m2/repository/org/ow2/asm/asm/5.0.4/asm-5.0.4.jar:/home/matias/.m2/repository/jakarta/xml/bind/jakarta.xml.bind-api/2.3.3/jakarta.xml.bind-api-2.3.3.jar:/home/matias/.m2/repository/jakarta/activation/jakarta.activation-api/1.2.2/jakarta.activation-api-1.2.2.jar:/home/matias/.m2/repository/org/assertj/assertj-core/3.18.1/assertj-core-3.18.1.jar:/home/matias/.m2/repository/org/hamcrest/hamcrest/2.2/hamcrest-2.2.jar:/home/matias/.m2/repository/org/junit/jupiter/junit-jupiter/5.7.1/junit-jupiter-5.7.1.jar:/home/matias/.m2/repository/org/junit/jupiter/junit-jupiter-api/5.7.1/junit-jupiter-api-5.7.1.jar:/home/matias/.m2/repository/org/apiguardian/apiguardian-api/1.1.0/apiguardian-api-1.1.0.jar:/home/matias/.m2/repository/org/opentest4j/opentest4j/1.2.0/opentest4j-1.2.0.jar:/home/matias/.m2/repository/org/junit/platform/junit-platform-commons/1.7.1/junit-platform-commons-1.7.1.jar:/home/matias/.m2/repository/org/junit/jupiter/junit-jupiter-params/5.7.1/junit-jupiter-params-5.7.1.jar:/home/matias/.m2/repository/org/junit/jupiter/junit-jupiter-engine/5.7.1/junit-jupiter-engine-5.7.1.jar:/home/matias/.m2/repository/org/junit/platform/junit-platform-engine/1.7.1/junit-platform-engine-1.7.1.jar:/home/matias/.m2/repository/org/mockito/mockito-core/3.6.28/mockito-core-3.6.28.jar:/home/matias/.m2/repository/net/bytebuddy/byte-buddy/1.10.22/byte-buddy-1.10.22.jar:/home/matias/.m2/repository/net/bytebuddy/byte-buddy-agent/1.10.22/byte-buddy-agent-1.10.22.jar:/home/matias/.m2/repository/org/objenesis/objenesis/3.1/objenesis-3.1.jar:/home/matias/.m2/repository/org/mockito/mockito-junit-jupiter/3.6.28/mockito-junit-jupiter-3.6.28.jar:/home/matias/.m2/repository/org/skyscreamer/jsonassert/1.5.0/jsonassert-1.5.0.jar:/home/matias/.m2/repository/com/vaadin/external/google/android-json/0.0.20131108.vaadin1/android-json-0.0.20131108.vaadin1.jar:/home/matias/.m2/repository/org/springframework/spring-core/5.3.6/spring-core-5.3.6.jar:/home/matias/.m2/repository/org/springframework/spring-jcl/5.3.6/spring-jcl-5.3.6.jar:/home/matias/.m2/repository/org/springframework/spring-test/5.3.6/spring-test-5.3.6.jar:/home/matias/.m2/repository/org/xmlunit/xmlunit-core/2.7.0/xmlunit-core-2.7.0.jar:/home/matias/.m2/repository/io/projectreactor/reactor-test/3.4.5/reactor-test-3.4.5.jar:/home/matias/.m2/repository/org/springframework/boot/spring-boot-starter-tomcat/2.4.5/spring-boot-starter-tomcat-2.4.5.jar:/home/matias/.m2/repository/jakarta/annotation/jakarta.annotation-api/1.3.5/jakarta.annotation-api-1.3.5.jar:/home/matias/.m2/repository/org/apache/tomcat/embed/tomcat-embed-core/9.0.45/tomcat-embed-core-9.0.45.jar:/home/matias/.m2/repository/org/glassfish/jakarta.el/3.0.3/jakarta.el-3.0.3.jar:/home/matias/.m2/repository/org/apache/tomcat/embed/tomcat-embed-websocket/9.0.45/tomcat-embed-websocket-9.0.45.jar:/home/matias/.m2/repository/com/github/ulisesbocchio/jasypt-spring-boot-starter/3.0.3/jasypt-spring-boot-starter-3.0.3.jar:/home/matias/.m2/repository/com/github/ulisesbocchio/jasypt-spring-boot/3.0.3/jasypt-spring-boot-3.0.3.jar:/home/matias/.m2/repository/org/jasypt/jasypt/1.9.3/jasypt-1.9.3.jar:/home/matias/.m2/repository/org/springframework/boot/spring-boot-configuration-processor/2.4.5/spring-boot-configuration-processor-2.4.5.jar:"/>
    <property name="sun.cpu.endian" value="little"/>
    <property name="user.home" value="/home/matias"/>
    <property name="user.language" value="pt"/>
    <property name="java.specification.vendor" value="Oracle Corporation"/>
    <property name="java.version.date" value="2020-10-20"/>
    <property name="java.home" value="/usr/lib/jvm/jdk-11.0.9"/>
    <property name="file.separator" value="/"/>
    <property name="basedir" value="/opt/ws_spring/licitacoesecontratosBackend-main/licitacoesecontratosBackend"/>
    <property name="java.vm.compressedOopsMode" value="Zero based"/>
    <property name="line.separator" value="&#10;"/>
    <property name="java.specification.name" value="Java Platform API Specification"/>
    <property name="java.vm.specification.vendor" value="Oracle Corporation"/>
    <property name="java.awt.graphicsenv" value="sun.awt.X11GraphicsEnvironment"/>
    <property name="surefire.real.class.path" value="/opt/ws_spring/licitacoesecontratosBackend-main/licitacoesecontratosBackend/target/surefire/surefirebooter16106834088650249823.jar"/>
    <property name="sun.management.compiler" value="HotSpot 64-Bit Tiered Compilers"/>
    <property name="java.runtime.version" value="11.0.9+7-LTS"/>
    <property name="user.name" value="matias"/>
    <property name="path.separator" value=":"/>
    <property name="os.version" value="5.8.0-50-generic"/>
    <property name="java.runtime.name" value="Java(TM) SE Runtime Environment"/>
    <property name="file.encoding" value="UTF-8"/>
    <property name="java.vm.name" value="Java HotSpot(TM) 64-Bit Server VM"/>
    <property name="java.vendor.version" value="18.9"/>
    <property name="jasypt.encryptor.password" value="secretkey"/>
    <property name="localRepository" value="/home/matias/.m2/repository"/>
    <property name="java.vendor.url.bug" value="https://bugreport.java.com/bugreport/"/>
    <property name="java.io.tmpdir" value="/tmp"/>
    <property name="java.version" value="11.0.9"/>
    <property name="user.dir" value="/opt/ws_spring/licitacoesecontratosBackend-main/licitacoesecontratosBackend"/>
    <property name="os.arch" value="amd64"/>
    <property name="java.vm.specification.name" value="Java Virtual Machine Specification"/>
    <property name="java.awt.printerjob" value="sun.print.PSPrinterJob"/>
    <property name="sun.os.patch.level" value="unknown"/>
    <property name="java.library.path" value="/usr/java/packages/lib:/usr/lib64:/lib64:/lib:/usr/lib"/>
    <property name="java.vendor" value="Oracle Corporation"/>
    <property name="java.vm.info" value="mixed mode"/>
    <property name="java.vm.version" value="11.0.9+7-LTS"/>
    <property name="sun.io.unicode.encoding" value="UnicodeLittle"/>
    <property name="java.class.version" value="55.0"/>
  </properties>
  <testcase name="contextLoads" classname="br.licitacoesecontratos.LicitacoesecontratosApplicationTests" time="0.447"/>
</testsuite>